Started GET "/" for 127.0.0.1 at 2018-02-05 13:39:09 +0800
Processing by Rails::WelcomeController#index as HTML
  Rendering c:/RailsInstaller/Ruby2.3.3/lib/ruby/gems/2.3.0/gems/railties-5.1.4/lib/rails/templates/rails/welcome/index.html.erb
  Rendered c:/RailsInstaller/Ruby2.3.3/lib/ruby/gems/2.3.0/gems/railties-5.1.4/lib/rails/templates/rails/welcome/index.html.erb (7.1ms)
Completed 200 OK in 929ms (Views: 46.7ms)


  [1m[35m (0.0ms)[0m  [1m[34mSELECT sqlite_version(*)[0m
  [1m[35m (266.0ms)[0m  [1m[35mCREATE TABLE "schema_migrations" ("version" varchar NOT NULL PRIMARY KEY)[0m
  [1m[35m (193.9ms)[0m  [1m[35mCREATE TABLE "ar_internal_metadata" ("key" varchar NOT NULL PRIMARY KEY, "value" varchar, "created_at" datetime NOT NULL, "updated_at" datetime NOT NULL)[0m
  [1m[35m (0.5ms)[0m  [1m[34mSELECT "schema_migrations"."version" FROM "schema_migrations" ORDER BY "schema_migrations"."version" ASC[0m
Migrating to CreateUsers (20180205063107)
  [1m[35m (0.5ms)[0m  [1m[36mbegin transaction[0m
  [1m[35m (1.0ms)[0m  [1m[35mCREATE TABLE "users" ("id" INTEGER PRIMARY KEY AUTOINCREMENT NOT NULL, "name" varchar, "email" varchar, "created_at" datetime NOT NULL, "updated_at" datetime NOT NULL)[0m
  [1m[35mSQL (0.0ms)[0m  [1m[32mINSERT INTO "schema_migrations" ("version") VALUES (?)[0m  [["version", "20180205063107"]]
  [1m[35m (185.9ms)[0m  [1m[36mcommit transaction[0m
  [1m[36mActiveRecord::InternalMetadata Load (0.5ms)[0m  [1m[34mSELECT  "ar_internal_metadata".* FROM "ar_internal_metadata" WHERE "ar_internal_metadata"."key" = ? LIMIT ?[0m  [["key", "environment"], ["LIMIT", 1]]
  [1m[35m (0.0ms)[0m  [1m[36mbegin transaction[0m
  [1m[35mSQL (0.5ms)[0m  [1m[32mINSERT INTO "ar_internal_metadata" ("key", "value", "created_at", "updated_at") VALUES (?, ?, ?, ?)[0m  [["key", "environment"], ["value", "development"], ["created_at", "2018-02-05 06:32:33.558405"], ["updated_at", "2018-02-05 06:32:33.558405"]]
  [1m[35m (222.5ms)[0m  [1m[36mcommit transaction[0m
  [1m[35m (0.0ms)[0m  [1m[34mSELECT "schema_migrations"."version" FROM "schema_migrations" ORDER BY "schema_migrations"."version" ASC[0m
Started GET "/" for 127.0.0.1 at 2018-02-05 14:33:50 +0800
  [1m[35m (0.0ms)[0m  [1m[34mSELECT "schema_migrations"."version" FROM "schema_migrations" ORDER BY "schema_migrations"."version" ASC[0m
Processing by ApplicationController#greeting as HTML
  Rendering html template
  Rendered html template (0.0ms)
Completed 200 OK in 61ms (Views: 52.7ms | ActiveRecord: 0.0ms)


Started GET "/users" for 127.0.0.1 at 2018-02-05 14:35:11 +0800
Processing by UsersController#index as HTML
  Rendering users/index.html.erb within layouts/application
  [1m[36mUser Load (27.0ms)[0m  [1m[34mSELECT "users".* FROM "users"[0m
  Rendered users/index.html.erb within layouts/application (149.7ms)
Completed 200 OK in 3805ms (Views: 3750.3ms | ActiveRecord: 27.5ms)


Started GET "/users/new" for 127.0.0.1 at 2018-02-05 14:36:50 +0800
Processing by UsersController#new as HTML
  Rendering users/new.html.erb within layouts/application
  Rendered users/_form.html.erb (167.7ms)
  Rendered users/new.html.erb within layouts/application (186.6ms)
Completed 200 OK in 250ms (Views: 236.6ms | ActiveRecord: 0.0ms)


Started POST "/users" for 127.0.0.1 at 2018-02-05 14:37:10 +0800
Processing by UsersController#create as HTML
  Parameters: {"utf8"=>"✓", "authenticity_token"=>"QsLiLmy8haGezd3IAymKDltIoUwXjR8FtHlkRmPlyzZ4CS1/k7kGtYPHmbbSXBqJ+QgENgThAKqPdklXbCoixA==", "user"=>{"name"=>"Aria Sachou", "email"=>"asachou@gmail.com"}, "commit"=>"Create User"}
  [1m[35m (0.0ms)[0m  [1m[36mbegin transaction[0m
  [1m[35mSQL (31.6ms)[0m  [1m[32mINSERT INTO "users" ("name", "email", "created_at", "updated_at") VALUES (?, ?, ?, ?)[0m  [["name", "Aria Sachou"], ["email", "asachou@gmail.com"], ["created_at", "2018-02-05 06:37:10.413929"], ["updated_at", "2018-02-05 06:37:10.413929"]]
  [1m[35m (282.0ms)[0m  [1m[36mcommit transaction[0m
Redirected to http://localhost:3000/users/1
Completed 302 Found in 333ms (ActiveRecord: 313.6ms)


Started GET "/users/1" for 127.0.0.1 at 2018-02-05 14:37:10 +0800
Processing by UsersController#show as HTML
  Parameters: {"id"=>"1"}
  [1m[36mUser Load (0.0ms)[0m  [1m[34mSELECT  "users".* FROM "users" WHERE "users"."id" = ? LIMIT ?[0m  [["id", 1], ["LIMIT", 1]]
  Rendering users/show.html.erb within layouts/application
  Rendered users/show.html.erb within layouts/application (1.0ms)
Completed 200 OK in 91ms (Views: 50.9ms | ActiveRecord: 0.0ms)


Started GET "/users" for 127.0.0.1 at 2018-02-05 14:37:14 +0800
Processing by UsersController#index as HTML
  Rendering users/index.html.erb within layouts/application
  [1m[36mUser Load (0.0ms)[0m  [1m[34mSELECT "users".* FROM "users"[0m
  Rendered users/index.html.erb within layouts/application (2.0ms)
Completed 200 OK in 59ms (Views: 50.7ms | ActiveRecord: 0.0ms)


Started GET "/users/new" for 127.0.0.1 at 2018-02-05 14:41:39 +0800
Processing by UsersController#new as HTML
  Rendering users/new.html.erb within layouts/application
  Rendered users/_form.html.erb (2.5ms)
  Rendered users/new.html.erb within layouts/application (10.5ms)
Completed 200 OK in 75ms (Views: 66.8ms | ActiveRecord: 0.0ms)


Started POST "/users" for 127.0.0.1 at 2018-02-05 14:41:51 +0800
Processing by UsersController#create as HTML
  Parameters: {"utf8"=>"✓", "authenticity_token"=>"xJz7f+9P3OfF/k3jShEWvklGQJ2Aw0YyL81NKMkO2C7+VzQuEEpf89j0CZ2bZIY56wbl55OvWZ0UwmA5xsEx3A==", "user"=>{"name"=>"Athena Glory", "email"=>"aglory@gmail.com"}, "commit"=>"Create User"}
  [1m[35m (0.0ms)[0m  [1m[36mbegin transaction[0m
  [1m[35mSQL (76.9ms)[0m  [1m[32mINSERT INTO "users" ("name", "email", "created_at", "updated_at") VALUES (?, ?, ?, ?)[0m  [["name", "Athena Glory"], ["email", "aglory@gmail.com"], ["created_at", "2018-02-05 06:41:51.265849"], ["updated_at", "2018-02-05 06:41:51.265849"]]
  [1m[35m (701.6ms)[0m  [1m[36mcommit transaction[0m
Redirected to http://localhost:3000/users/2
Completed 302 Found in 785ms (ActiveRecord: 778.6ms)


Started GET "/users/2" for 127.0.0.1 at 2018-02-05 14:41:52 +0800
Processing by UsersController#show as HTML
  Parameters: {"id"=>"2"}
  [1m[36mUser Load (0.0ms)[0m  [1m[34mSELECT  "users".* FROM "users" WHERE "users"."id" = ? LIMIT ?[0m  [["id", 2], ["LIMIT", 1]]
  Rendering users/show.html.erb within layouts/application
  Rendered users/show.html.erb within layouts/application (1.0ms)
Completed 200 OK in 63ms (Views: 53.3ms | ActiveRecord: 0.0ms)


Started GET "/users" for 127.0.0.1 at 2018-02-05 14:41:54 +0800
Processing by UsersController#index as HTML
  Rendering users/index.html.erb within layouts/application
  [1m[36mUser Load (0.0ms)[0m  [1m[34mSELECT "users".* FROM "users"[0m
  Rendered users/index.html.erb within layouts/application (2.0ms)
Completed 200 OK in 58ms (Views: 50.4ms | ActiveRecord: 0.0ms)


Started GET "/users/2" for 127.0.0.1 at 2018-02-05 14:42:21 +0800
Processing by UsersController#show as HTML
  Parameters: {"id"=>"2"}
  [1m[36mUser Load (0.0ms)[0m  [1m[34mSELECT  "users".* FROM "users" WHERE "users"."id" = ? LIMIT ?[0m  [["id", 2], ["LIMIT", 1]]
  Rendering users/show.html.erb within layouts/application
  Rendered users/show.html.erb within layouts/application (1.0ms)
Completed 200 OK in 61ms (Views: 51.2ms | ActiveRecord: 0.0ms)


Started GET "/users" for 127.0.0.1 at 2018-02-05 14:42:44 +0800
Processing by UsersController#index as HTML
  Rendering users/index.html.erb within layouts/application
  [1m[36mUser Load (0.5ms)[0m  [1m[34mSELECT "users".* FROM "users"[0m
  Rendered users/index.html.erb within layouts/application (2.5ms)
Completed 200 OK in 59ms (Views: 49.7ms | ActiveRecord: 0.5ms)


Started GET "/users/new" for 127.0.0.1 at 2018-02-05 14:42:47 +0800
Processing by UsersController#new as HTML
  Rendering users/new.html.erb within layouts/application
  Rendered users/_form.html.erb (1.5ms)
  Rendered users/new.html.erb within layouts/application (10.4ms)
Completed 200 OK in 76ms (Views: 66.3ms | ActiveRecord: 0.0ms)


Started POST "/users" for 127.0.0.1 at 2018-02-05 14:43:18 +0800
Processing by UsersController#create as HTML
  Parameters: {"utf8"=>"✓", "authenticity_token"=>"+dU5vhJIYfe+ehE8PNnYuZYiz5kiiW/1z8v67Uj8M3/DHvbv7U3i46NwVULtrEg+NGJq4zHlcFr0xNf8RzPajQ==", "user"=>{"name"=>"Yang Wenli", "email"=>"ywenli@gmail.com"}, "commit"=>"Create User"}
  [1m[35m (0.0ms)[0m  [1m[36mbegin transaction[0m
  [1m[35mSQL (73.5ms)[0m  [1m[32mINSERT INTO "users" ("name", "email", "created_at", "updated_at") VALUES (?, ?, ?, ?)[0m  [["name", "Yang Wenli"], ["email", "ywenli@gmail.com"], ["created_at", "2018-02-05 06:43:18.665896"], ["updated_at", "2018-02-05 06:43:18.665896"]]
  [1m[35m (150.6ms)[0m  [1m[36mcommit transaction[0m
Redirected to http://localhost:3000/users/3
Completed 302 Found in 233ms (ActiveRecord: 224.2ms)


Started GET "/users/3" for 127.0.0.1 at 2018-02-05 14:43:18 +0800
Processing by UsersController#show as HTML
  Parameters: {"id"=>"3"}
  [1m[36mUser Load (0.5ms)[0m  [1m[34mSELECT  "users".* FROM "users" WHERE "users"."id" = ? LIMIT ?[0m  [["id", 3], ["LIMIT", 1]]
  Rendering users/show.html.erb within layouts/application
  Rendered users/show.html.erb within layouts/application (1.0ms)
Completed 200 OK in 61ms (Views: 50.7ms | ActiveRecord: 0.5ms)


Started GET "/users/3" for 127.0.0.1 at 2018-02-05 14:43:27 +0800
Processing by UsersController#show as HTML
  Parameters: {"id"=>"3"}
  [1m[36mUser Load (0.0ms)[0m  [1m[34mSELECT  "users".* FROM "users" WHERE "users"."id" = ? LIMIT ?[0m  [["id", 3], ["LIMIT", 1]]
  Rendering users/show.html.erb within layouts/application
  Rendered users/show.html.erb within layouts/application (0.5ms)
Completed 200 OK in 62ms (Views: 51.9ms | ActiveRecord: 0.0ms)


Started GET "/users" for 127.0.0.1 at 2018-02-05 14:43:35 +0800
Processing by UsersController#index as HTML
  Rendering users/index.html.erb within layouts/application
  [1m[36mUser Load (0.5ms)[0m  [1m[34mSELECT "users".* FROM "users"[0m
  Rendered users/index.html.erb within layouts/application (2.5ms)
Completed 200 OK in 61ms (Views: 51.5ms | ActiveRecord: 0.5ms)


Started GET "/users/new" for 127.0.0.1 at 2018-02-05 14:43:36 +0800
Processing by UsersController#new as HTML
  Rendering users/new.html.erb within layouts/application
  Rendered users/_form.html.erb (2.0ms)
  Rendered users/new.html.erb within layouts/application (10.0ms)
Completed 200 OK in 70ms (Views: 61.1ms | ActiveRecord: 0.0ms)


Started POST "/users" for 127.0.0.1 at 2018-02-05 14:43:50 +0800
Processing by UsersController#create as HTML
  Parameters: {"utf8"=>"✓", "authenticity_token"=>"JfRijMQPQvxdGQUwTdC++aMn3yPCvre0ShWM5J1DAnofP63dOwrB6EATQU6cpS5+AWd6WdHSqBtxGqH1kozriA==", "user"=>{"name"=>"Reinhard Lohengramm", "email"=>""}, "commit"=>"Create User"}
  [1m[35m (0.0ms)[0m  [1m[36mbegin transaction[0m
  [1m[35mSQL (66.3ms)[0m  [1m[32mINSERT INTO "users" ("name", "email", "created_at", "updated_at") VALUES (?, ?, ?, ?)[0m  [["name", "Reinhard Lohengramm"], ["email", ""], ["created_at", "2018-02-05 06:43:50.974769"], ["updated_at", "2018-02-05 06:43:50.974769"]]
  [1m[35m (317.5ms)[0m  [1m[36mcommit transaction[0m
Redirected to http://localhost:3000/users/4
Completed 302 Found in 389ms (ActiveRecord: 383.8ms)


Started GET "/users/4" for 127.0.0.1 at 2018-02-05 14:43:51 +0800
Processing by UsersController#show as HTML
  Parameters: {"id"=>"4"}
  [1m[36mUser Load (0.0ms)[0m  [1m[34mSELECT  "users".* FROM "users" WHERE "users"."id" = ? LIMIT ?[0m  [["id", 4], ["LIMIT", 1]]
  Rendering users/show.html.erb within layouts/application
  Rendered users/show.html.erb within layouts/application (0.5ms)
Completed 200 OK in 62ms (Views: 52.9ms | ActiveRecord: 0.0ms)


Started GET "/users" for 127.0.0.1 at 2018-02-05 14:43:58 +0800
Processing by UsersController#index as HTML
  Rendering users/index.html.erb within layouts/application
  [1m[36mUser Load (0.5ms)[0m  [1m[34mSELECT "users".* FROM "users"[0m
  Rendered users/index.html.erb within layouts/application (2.5ms)
Completed 200 OK in 61ms (Views: 53.1ms | ActiveRecord: 0.5ms)


Started GET "/users/new" for 127.0.0.1 at 2018-02-05 14:44:03 +0800
Processing by UsersController#new as HTML
  Rendering users/new.html.erb within layouts/application
  Rendered users/_form.html.erb (1.5ms)
  Rendered users/new.html.erb within layouts/application (10.5ms)
Completed 200 OK in 72ms (Views: 62.7ms | ActiveRecord: 0.0ms)


Started POST "/users" for 127.0.0.1 at 2018-02-05 14:44:36 +0800
Processing by UsersController#create as HTML
  Parameters: {"utf8"=>"✓", "authenticity_token"=>"p7/PlXqg3Q4rO2FLGrhDO60YH8PZAV1ZNFoCUU7aR9addADEhaVeGjYxJTXLzdO8D1i6ucptQvYPVS9AQRWuJA==", "user"=>{"name"=>"Oskar Reuenthal", "email"=>"@gmail.com"}, "commit"=>"Create User"}
  [1m[35m (0.0ms)[0m  [1m[36mbegin transaction[0m
  [1m[35mSQL (6.9ms)[0m  [1m[32mINSERT INTO "users" ("name", "email", "created_at", "updated_at") VALUES (?, ?, ?, ?)[0m  [["name", "Oskar Reuenthal"], ["email", "@gmail.com"], ["created_at", "2018-02-05 06:44:36.845921"], ["updated_at", "2018-02-05 06:44:36.845921"]]
  [1m[35m (237.0ms)[0m  [1m[36mcommit transaction[0m
Redirected to http://localhost:3000/users/5
Completed 302 Found in 254ms (ActiveRecord: 243.9ms)


Started GET "/users/5" for 127.0.0.1 at 2018-02-05 14:44:37 +0800
Processing by UsersController#show as HTML
  Parameters: {"id"=>"5"}
  [1m[36mUser Load (0.5ms)[0m  [1m[34mSELECT  "users".* FROM "users" WHERE "users"."id" = ? LIMIT ?[0m  [["id", 5], ["LIMIT", 1]]
  Rendering users/show.html.erb within layouts/application
  Rendered users/show.html.erb within layouts/application (1.0ms)
Completed 200 OK in 61ms (Views: 51.9ms | ActiveRecord: 0.5ms)


Started GET "/users" for 127.0.0.1 at 2018-02-05 14:44:53 +0800
Processing by UsersController#index as HTML
  Rendering users/index.html.erb within layouts/application
  [1m[36mUser Load (0.5ms)[0m  [1m[34mSELECT "users".* FROM "users"[0m
  Rendered users/index.html.erb within layouts/application (2.5ms)
Completed 200 OK in 65ms (Views: 56.3ms | ActiveRecord: 0.5ms)


Started GET "/users/5" for 127.0.0.1 at 2018-02-05 14:45:09 +0800
Processing by UsersController#show as HTML
  Parameters: {"id"=>"5"}
  [1m[36mUser Load (0.0ms)[0m  [1m[34mSELECT  "users".* FROM "users" WHERE "users"."id" = ? LIMIT ?[0m  [["id", 5], ["LIMIT", 1]]
  Rendering users/show.html.erb within layouts/application
  Rendered users/show.html.erb within layouts/application (1.0ms)
Completed 200 OK in 67ms (Views: 53.0ms | ActiveRecord: 0.0ms)


Started GET "/users" for 127.0.0.1 at 2018-02-05 14:45:12 +0800
Processing by UsersController#index as HTML
  Rendering users/index.html.erb within layouts/application
  [1m[36mUser Load (0.5ms)[0m  [1m[34mSELECT "users".* FROM "users"[0m
  Rendered users/index.html.erb within layouts/application (3.0ms)
Completed 200 OK in 65ms (Views: 54.8ms | ActiveRecord: 0.5ms)


Started GET "/users/4" for 127.0.0.1 at 2018-02-05 14:45:14 +0800
Processing by UsersController#show as HTML
  Parameters: {"id"=>"4"}
  [1m[36mUser Load (0.0ms)[0m  [1m[34mSELECT  "users".* FROM "users" WHERE "users"."id" = ? LIMIT ?[0m  [["id", 4], ["LIMIT", 1]]
  Rendering users/show.html.erb within layouts/application
  Rendered users/show.html.erb within layouts/application (0.5ms)
Completed 200 OK in 58ms (Views: 48.9ms | ActiveRecord: 0.0ms)


Started GET "/users" for 127.0.0.1 at 2018-02-05 14:45:16 +0800
Processing by UsersController#index as HTML
  Rendering users/index.html.erb within layouts/application
  [1m[36mUser Load (0.5ms)[0m  [1m[34mSELECT "users".* FROM "users"[0m
  Rendered users/index.html.erb within layouts/application (3.5ms)
Completed 200 OK in 66ms (Views: 57.5ms | ActiveRecord: 0.5ms)


Started DELETE "/users/5" for 127.0.0.1 at 2018-02-05 14:45:19 +0800
Processing by UsersController#destroy as HTML
  Parameters: {"authenticity_token"=>"FPLwrCR+MM7MzNZnMVNj2Xh6/Eh4bo15ZlUVUS2AXyi/Kxt/gQUFcO3OxshXDmLRvMBTkW8p9zXHYmkr/s2Kuw==", "id"=>"5"}
  [1m[36mUser Load (0.0ms)[0m  [1m[34mSELECT  "users".* FROM "users" WHERE "users"."id" = ? LIMIT ?[0m  [["id", 5], ["LIMIT", 1]]
  [1m[35m (0.5ms)[0m  [1m[36mbegin transaction[0m
  [1m[35mSQL (0.5ms)[0m  [1m[31mDELETE FROM "users" WHERE "users"."id" = ?[0m  [["id", 5]]
  [1m[35m (154.9ms)[0m  [1m[36mcommit transaction[0m
Redirected to http://localhost:3000/users
Completed 302 Found in 161ms (ActiveRecord: 155.9ms)


Started GET "/users" for 127.0.0.1 at 2018-02-05 14:45:19 +0800
Processing by UsersController#index as HTML
  Rendering users/index.html.erb within layouts/application
  [1m[36mUser Load (0.5ms)[0m  [1m[34mSELECT "users".* FROM "users"[0m
  Rendered users/index.html.erb within layouts/application (3.5ms)
Completed 200 OK in 68ms (Views: 59.2ms | ActiveRecord: 0.5ms)


Started GET "/users/5" for 127.0.0.1 at 2018-02-05 14:45:32 +0800
Processing by UsersController#show as HTML
  Parameters: {"id"=>"5"}
  [1m[36mUser Load (0.0ms)[0m  [1m[34mSELECT  "users".* FROM "users" WHERE "users"."id" = ? LIMIT ?[0m  [["id", 5], ["LIMIT", 1]]
Completed 404 Not Found in 2ms (ActiveRecord: 0.0ms)


  
ActiveRecord::RecordNotFound (Couldn't find User with 'id'=5):
  
app/controllers/users_controller.rb:67:in `set_user'
Started GET "//5" for 127.0.0.1 at 2018-02-05 15:04:10 +0800
  
ActionController::RoutingError (No route matches [GET] "/5"):
  
actionpack (5.1.4) lib/action_dispatch/middleware/debug_exceptions.rb:63:in `call'
web-console (3.5.1) lib/web_console/middleware.rb:135:in `call_app'
web-console (3.5.1) lib/web_console/middleware.rb:28:in `block in call'
web-console (3.5.1) lib/web_console/middleware.rb:18:in `catch'
web-console (3.5.1) lib/web_console/middleware.rb:18:in `call'
actionpack (5.1.4) lib/action_dispatch/middleware/show_exceptions.rb:31:in `call'
railties (5.1.4) lib/rails/rack/logger.rb:36:in `call_app'
railties (5.1.4) lib/rails/rack/logger.rb:24:in `block in call'
activesupport (5.1.4) lib/active_support/tagged_logging.rb:69:in `block in tagged'
activesupport (5.1.4) lib/active_support/tagged_logging.rb:26:in `tagged'
activesupport (5.1.4) lib/active_support/tagged_logging.rb:69:in `tagged'
railties (5.1.4) lib/rails/rack/logger.rb:24:in `call'
sprockets-rails (3.2.1) lib/sprockets/rails/quiet_assets.rb:13:in `call'
actionpack (5.1.4) lib/action_dispatch/middleware/remote_ip.rb:79:in `call'
actionpack (5.1.4) lib/action_dispatch/middleware/request_id.rb:25:in `call'
rack (2.0.4) lib/rack/method_override.rb:22:in `call'
rack (2.0.4) lib/rack/runtime.rb:22:in `call'
activesupport (5.1.4) lib/active_support/cache/strategy/local_cache_middleware.rb:27:in `call'
actionpack (5.1.4) lib/action_dispatch/middleware/executor.rb:12:in `call'
actionpack (5.1.4) lib/action_dispatch/middleware/static.rb:125:in `call'
rack (2.0.4) lib/rack/sendfile.rb:111:in `call'
railties (5.1.4) lib/rails/engine.rb:522:in `call'
puma (3.9.1) lib/puma/configuration.rb:224:in `call'
puma (3.9.1) lib/puma/server.rb:602:in `handle_request'
puma (3.9.1) lib/puma/server.rb:435:in `process_client'
puma (3.9.1) lib/puma/server.rb:299:in `block in run'
puma (3.9.1) lib/puma/thread_pool.rb:120:in `block in spawn_thread'
Started GET "/" for 127.0.0.1 at 2018-02-05 15:04:13 +0800
Processing by UsersController#index as HTML
  Rendering users/index.html.erb within layouts/application
  [1m[36mUser Load (0.5ms)[0m  [1m[34mSELECT "users".* FROM "users"[0m
  Rendered users/index.html.erb within layouts/application (8.5ms)
Completed 200 OK in 79ms (Views: 67.4ms | ActiveRecord: 1.5ms)


  [1m[35m (0.0ms)[0m  [1m[34mSELECT "schema_migrations"."version" FROM "schema_migrations" ORDER BY "schema_migrations"."version" ASC[0m
Migrating to CreateMicroposts (20180205080449)
  [1m[35m (0.0ms)[0m  [1m[36mbegin transaction[0m
  [1m[35m (0.5ms)[0m  [1m[34mSELECT sqlite_version(*)[0m
  [1m[35m (38.7ms)[0m  [1m[35mCREATE TABLE "microposts" ("id" INTEGER PRIMARY KEY AUTOINCREMENT NOT NULL, "content" text, "user_id" integer, "created_at" datetime NOT NULL, "updated_at" datetime NOT NULL)[0m
  [1m[35mSQL (0.5ms)[0m  [1m[32mINSERT INTO "schema_migrations" ("version") VALUES (?)[0m  [["version", "20180205080449"]]
  [1m[35m (410.1ms)[0m  [1m[36mcommit transaction[0m
  [1m[36mActiveRecord::InternalMetadata Load (0.5ms)[0m  [1m[34mSELECT  "ar_internal_metadata".* FROM "ar_internal_metadata" WHERE "ar_internal_metadata"."key" = ? LIMIT ?[0m  [["key", "environment"], ["LIMIT", 1]]
  [1m[35m (0.0ms)[0m  [1m[36mbegin transaction[0m
  [1m[35m (0.0ms)[0m  [1m[36mcommit transaction[0m
  [1m[35m (0.0ms)[0m  [1m[34mSELECT "schema_migrations"."version" FROM "schema_migrations" ORDER BY "schema_migrations"."version" ASC[0m
Started GET "/" for 127.0.0.1 at 2018-02-05 16:07:50 +0800
  [1m[35m (0.0ms)[0m  [1m[34mSELECT "schema_migrations"."version" FROM "schema_migrations" ORDER BY "schema_migrations"."version" ASC[0m
Processing by MicropostsController#index as HTML
  Rendering microposts/index.html.erb within layouts/application
  [1m[36mMicropost Load (0.0ms)[0m  [1m[34mSELECT "microposts".* FROM "microposts"[0m
  Rendered microposts/index.html.erb within layouts/application (4.5ms)
Completed 200 OK in 1191ms (Views: 1172.2ms | ActiveRecord: 0.5ms)


Started GET "/microposts/new" for 127.0.0.1 at 2018-02-05 16:08:11 +0800
Processing by MicropostsController#new as HTML
  Rendering microposts/new.html.erb within layouts/application
  Rendered microposts/_form.html.erb (26.5ms)
  Rendered microposts/new.html.erb within layouts/application (34.0ms)
Completed 200 OK in 100ms (Views: 86.7ms | ActiveRecord: 0.0ms)


Started POST "/microposts" for 127.0.0.1 at 2018-02-05 16:10:03 +0800
Processing by MicropostsController#create as HTML
  Parameters: {"utf8"=>"✓", "authenticity_token"=>"tWUqJAAZt9TebnfnhzpK1BZ0a5KzP3FAQRv3ol7wRxOdGipq1LJtKNsfF67Lf02UazQixCwmmrisvGQKomMX0w==", "micropost"=>{"content"=>"First micropost", "user_id"=>"1"}, "commit"=>"Create Micropost"}
  [1m[35m (0.0ms)[0m  [1m[36mbegin transaction[0m
  [1m[35mSQL (4.7ms)[0m  [1m[32mINSERT INTO "microposts" ("content", "user_id", "created_at", "updated_at") VALUES (?, ?, ?, ?)[0m  [["content", "First micropost"], ["user_id", 1], ["created_at", "2018-02-05 08:10:03.515873"], ["updated_at", "2018-02-05 08:10:03.515873"]]
  [1m[35m (179.7ms)[0m  [1m[36mcommit transaction[0m
Redirected to http://localhost:3000/microposts/1
Completed 302 Found in 195ms (ActiveRecord: 184.4ms)


Started GET "/microposts/1" for 127.0.0.1 at 2018-02-05 16:10:03 +0800
Processing by MicropostsController#show as HTML
  Parameters: {"id"=>"1"}
  [1m[36mMicropost Load (0.5ms)[0m  [1m[34mSELECT  "microposts".* FROM "microposts" WHERE "microposts"."id" = ? LIMIT ?[0m  [["id", 1], ["LIMIT", 1]]
  Rendering microposts/show.html.erb within layouts/application
  Rendered microposts/show.html.erb within layouts/application (1.0ms)
Completed 200 OK in 80ms (Views: 65.4ms | ActiveRecord: 0.5ms)


Started GET "/microposts" for 127.0.0.1 at 2018-02-05 16:10:19 +0800
Processing by MicropostsController#index as HTML
  Rendering microposts/index.html.erb within layouts/application
  [1m[36mMicropost Load (0.5ms)[0m  [1m[34mSELECT "microposts".* FROM "microposts"[0m
  Rendered microposts/index.html.erb within layouts/application (2.0ms)
Completed 200 OK in 63ms (Views: 54.1ms | ActiveRecord: 0.5ms)


Started GET "/microposts/new" for 127.0.0.1 at 2018-02-05 16:10:37 +0800
Processing by MicropostsController#new as HTML
  Rendering microposts/new.html.erb within layouts/application
  Rendered microposts/_form.html.erb (1.5ms)
  Rendered microposts/new.html.erb within layouts/application (9.5ms)
Completed 200 OK in 72ms (Views: 63.9ms | ActiveRecord: 0.0ms)


Started POST "/microposts" for 127.0.0.1 at 2018-02-05 16:10:43 +0800
Processing by MicropostsController#create as HTML
  Parameters: {"utf8"=>"✓", "authenticity_token"=>"0nfGIX20hh2rIPMk1hWKkKNSNE4FyEB1cEQakYkAJZb6CMZvqR9c4a5Rk22aUI3Q3hJ9GJrRq42d44k5dZN1Vg==", "micropost"=>{"content"=>"", "user_id"=>""}, "commit"=>"Create Micropost"}
  [1m[35m (0.0ms)[0m  [1m[36mbegin transaction[0m
  [1m[35mSQL (40.1ms)[0m  [1m[32mINSERT INTO "microposts" ("content", "created_at", "updated_at") VALUES (?, ?, ?)[0m  [["content", ""], ["created_at", "2018-02-05 08:10:43.130693"], ["updated_at", "2018-02-05 08:10:43.130693"]]
  [1m[35m (392.3ms)[0m  [1m[36mcommit transaction[0m
Redirected to http://localhost:3000/microposts/2
Completed 302 Found in 442ms (ActiveRecord: 432.5ms)


Started GET "/microposts/2" for 127.0.0.1 at 2018-02-05 16:10:43 +0800
Processing by MicropostsController#show as HTML
  Parameters: {"id"=>"2"}
  [1m[36mMicropost Load (0.0ms)[0m  [1m[34mSELECT  "microposts".* FROM "microposts" WHERE "microposts"."id" = ? LIMIT ?[0m  [["id", 2], ["LIMIT", 1]]
  Rendering microposts/show.html.erb within layouts/application
  Rendered microposts/show.html.erb within layouts/application (0.5ms)
Completed 200 OK in 64ms (Views: 54.9ms | ActiveRecord: 0.0ms)


Started GET "/microposts" for 127.0.0.1 at 2018-02-05 16:10:46 +0800
Processing by MicropostsController#index as HTML
  Rendering microposts/index.html.erb within layouts/application
  [1m[36mMicropost Load (0.5ms)[0m  [1m[34mSELECT "microposts".* FROM "microposts"[0m
  Rendered microposts/index.html.erb within layouts/application (2.9ms)
Completed 200 OK in 65ms (Views: 56.6ms | ActiveRecord: 0.5ms)


Started GET "/microposts/new" for 127.0.0.1 at 2018-02-05 16:10:51 +0800
Processing by MicropostsController#new as HTML
  Rendering microposts/new.html.erb within layouts/application
  Rendered microposts/_form.html.erb (6.5ms)
  Rendered microposts/new.html.erb within layouts/application (13.5ms)
Completed 200 OK in 74ms (Views: 66.0ms | ActiveRecord: 0.0ms)


Started POST "/microposts" for 127.0.0.1 at 2018-02-05 16:11:32 +0800
Processing by MicropostsController#create as HTML
  Parameters: {"utf8"=>"✓", "authenticity_token"=>"S6nBVG7zu9MGe3yBub4d5h23/cH9alA6hJt8zr4cbkBj1sEaulhhLwMKHMj1+xqmYPe0l2Jzu8JpPO9mQo8+gA==", "micropost"=>{"content"=>"Ruby is a dynamic, reflective, object-oriented, general-purpose programming language. It was designed and developed in the mid-1990s by Yukihiro \"Matz\" Matsumoto in Japan.", "user_id"=>"1"}, "commit"=>"Create Micropost"}
  [1m[35m (0.0ms)[0m  [1m[36mbegin transaction[0m
  [1m[35mSQL (19.0ms)[0m  [1m[32mINSERT INTO "microposts" ("content", "user_id", "created_at", "updated_at") VALUES (?, ?, ?, ?)[0m  [["content", "Ruby is a dynamic, reflective, object-oriented, general-purpose programming language. It was designed and developed in the mid-1990s by Yukihiro \"Matz\" Matsumoto in Japan."], ["user_id", 1], ["created_at", "2018-02-05 08:11:32.400057"], ["updated_at", "2018-02-05 08:11:32.400057"]]
  [1m[35m (234.7ms)[0m  [1m[36mcommit transaction[0m
Redirected to http://localhost:3000/microposts/3
Completed 302 Found in 259ms (ActiveRecord: 253.7ms)


Started GET "/microposts/3" for 127.0.0.1 at 2018-02-05 16:11:32 +0800
Processing by MicropostsController#show as HTML
  Parameters: {"id"=>"3"}
  [1m[36mMicropost Load (0.0ms)[0m  [1m[34mSELECT  "microposts".* FROM "microposts" WHERE "microposts"."id" = ? LIMIT ?[0m  [["id", 3], ["LIMIT", 1]]
  Rendering microposts/show.html.erb within layouts/application
  Rendered microposts/show.html.erb within layouts/application (1.0ms)
Completed 200 OK in 64ms (Views: 55.5ms | ActiveRecord: 0.0ms)


Started GET "/microposts" for 127.0.0.1 at 2018-02-05 16:11:39 +0800
Processing by MicropostsController#index as HTML
  Rendering microposts/index.html.erb within layouts/application
  [1m[36mMicropost Load (0.0ms)[0m  [1m[34mSELECT "microposts".* FROM "microposts"[0m
  Rendered microposts/index.html.erb within layouts/application (3.0ms)
Completed 200 OK in 67ms (Views: 57.9ms | ActiveRecord: 0.0ms)


Started DELETE "/microposts/2" for 127.0.0.1 at 2018-02-05 16:11:43 +0800
Processing by MicropostsController#destroy as HTML
  Parameters: {"authenticity_token"=>"kv1aL54mg/g78VrmDxc3IS/J5JAb1j/CperhUpX57rM5JLH8O122RhrzSklpSjYp63NLSQyRRY4E3Z0oRrQ7IA==", "id"=>"2"}
  [1m[36mMicropost Load (0.0ms)[0m  [1m[34mSELECT  "microposts".* FROM "microposts" WHERE "microposts"."id" = ? LIMIT ?[0m  [["id", 2], ["LIMIT", 1]]
  [1m[35m (0.0ms)[0m  [1m[36mbegin transaction[0m
  [1m[35mSQL (0.5ms)[0m  [1m[31mDELETE FROM "microposts" WHERE "microposts"."id" = ?[0m  [["id", 2]]
  [1m[35m (254.7ms)[0m  [1m[36mcommit transaction[0m
Redirected to http://localhost:3000/microposts
Completed 302 Found in 265ms (ActiveRecord: 255.2ms)


Started GET "/microposts" for 127.0.0.1 at 2018-02-05 16:11:43 +0800
Processing by MicropostsController#index as HTML
  Rendering microposts/index.html.erb within layouts/application
  [1m[36mMicropost Load (0.5ms)[0m  [1m[34mSELECT "microposts".* FROM "microposts"[0m
  Rendered microposts/index.html.erb within layouts/application (2.5ms)
Completed 200 OK in 67ms (Views: 58.4ms | ActiveRecord: 0.5ms)


Started GET "/microposts/new" for 127.0.0.1 at 2018-02-05 16:13:58 +0800
Processing by MicropostsController#new as HTML
  Rendering microposts/new.html.erb within layouts/application
  Rendered microposts/_form.html.erb (2.0ms)
  Rendered microposts/new.html.erb within layouts/application (11.0ms)
Completed 200 OK in 86ms (Views: 69.6ms | ActiveRecord: 1.0ms)


Started POST "/microposts" for 127.0.0.1 at 2018-02-05 16:14:00 +0800
Processing by MicropostsController#create as HTML
  Parameters: {"utf8"=>"✓", "authenticity_token"=>"tA4KK5rHFmhG3QnXId/Zma2zlrIia0Rbi1c7Ly811wCccQplTmzMlEOsaZ5tmt7Z0PPf5L1yr6Nm8KiH06aHwA==", "micropost"=>{"content"=>"Ruby is a dynamic, reflective, object-oriented, general-purpose programming language. It was designed and developed in the mid-1990s by Yukihiro \"Matz\" Matsumoto in Japan.", "user_id"=>""}, "commit"=>"Create Micropost"}
  [1m[35m (0.0ms)[0m  [1m[36mbegin transaction[0m
  [1m[35m (0.0ms)[0m  [1m[31mrollback transaction[0m
  Rendering microposts/new.html.erb within layouts/application
  Rendered microposts/_form.html.erb (1.5ms)
  Rendered microposts/new.html.erb within layouts/application (10.0ms)
Completed 200 OK in 68ms (Views: 64.3ms | ActiveRecord: 0.0ms)


Started GET "/microposts" for 127.0.0.1 at 2018-02-05 16:16:17 +0800
Processing by MicropostsController#index as HTML
  Rendering microposts/index.html.erb within layouts/application
  [1m[36mMicropost Load (0.0ms)[0m  [1m[34mSELECT "microposts".* FROM "microposts"[0m
  Rendered microposts/index.html.erb within layouts/application (9.0ms)
Completed 200 OK in 101ms (Views: 63.8ms | ActiveRecord: 0.5ms)


  [1m[36mUser Load (0.5ms)[0m  [1m[34mSELECT  "users".* FROM "users" ORDER BY "users"."id" ASC LIMIT ?[0m  [["LIMIT", 1]]
  [1m[36mUser Load (0.0ms)[0m  [1m[34mSELECT  "users".* FROM "users" ORDER BY "users"."id" ASC LIMIT ?[0m  [["LIMIT", 1]]
  [1m[36mMicropost Load (0.0ms)[0m  [1m[34mSELECT  "microposts".* FROM "microposts" WHERE "microposts"."user_id" = ? LIMIT ?[0m  [["user_id", 1], ["LIMIT", 11]]
Started GET "/microposts" for 127.0.0.1 at 2018-02-05 16:29:08 +0800
  [1m[35m (0.0ms)[0m  [1m[34mSELECT "schema_migrations"."version" FROM "schema_migrations" ORDER BY "schema_migrations"."version" ASC[0m
Processing by MicropostsController#index as HTML
  Rendering microposts/index.html.erb within layouts/application
  [1m[36mMicropost Load (0.0ms)[0m  [1m[34mSELECT "microposts".* FROM "microposts"[0m
  Rendered microposts/index.html.erb within layouts/application (11.0ms)
Completed 200 OK in 289ms (Views: 259.7ms | ActiveRecord: 1.0ms)


Started GET "/" for 127.0.0.1 at 2018-02-05 16:29:32 +0800
Processing by UsersController#index as HTML
  Rendering users/index.html.erb within layouts/application
  [1m[36mUser Load (0.0ms)[0m  [1m[34mSELECT "users".* FROM "users"[0m
  [1m[36mUser Load (0.5ms)[0m  [1m[34mSELECT  "users".* FROM "users" ORDER BY "users"."id" ASC LIMIT ?[0m  [["LIMIT", 1]]
  Rendered users/index.html.erb within layouts/application (10.6ms)
Completed 200 OK in 77ms (Views: 61.2ms | ActiveRecord: 1.5ms)


Started GET "/" for 127.0.0.1 at 2018-02-05 16:29:48 +0800
Processing by UsersController#index as HTML
  Rendering users/index.html.erb within layouts/application
  [1m[36mUser Load (0.0ms)[0m  [1m[34mSELECT "users".* FROM "users"[0m
  [1m[36mUser Load (0.0ms)[0m  [1m[34mSELECT  "users".* FROM "users" ORDER BY "users"."id" ASC LIMIT ?[0m  [["LIMIT", 1]]
  Rendered users/index.html.erb within layouts/application (4.5ms)
Completed 200 OK in 66ms (Views: 58.0ms | ActiveRecord: 0.0ms)


Started GET "/" for 127.0.0.1 at 2018-02-05 16:32:38 +0800
Processing by UsersController#index as HTML
  Rendering users/index.html.erb within layouts/application
  [1m[36mUser Load (0.5ms)[0m  [1m[34mSELECT "users".* FROM "users"[0m
  Rendered users/index.html.erb within layouts/application (3.1ms)
Completed 200 OK in 84ms (Views: 76.3ms | ActiveRecord: 0.5ms)


Started GET "/" for 127.0.0.1 at 2018-02-05 16:32:55 +0800
Processing by UsersController#index as HTML
  Rendering users/index.html.erb within layouts/application
  [1m[36mUser Load (0.5ms)[0m  [1m[34mSELECT "users".* FROM "users"[0m
  [1m[36mMicropost Load (0.5ms)[0m  [1m[34mSELECT  "microposts".* FROM "microposts" WHERE "microposts"."user_id" = ? ORDER BY "microposts"."id" ASC LIMIT ?[0m  [["user_id", 1], ["LIMIT", 1]]
  [1m[36mMicropost Load (0.0ms)[0m  [1m[34mSELECT  "microposts".* FROM "microposts" WHERE "microposts"."user_id" = ? ORDER BY "microposts"."id" ASC LIMIT ?[0m  [["user_id", 2], ["LIMIT", 1]]
  [1m[36mMicropost Load (0.0ms)[0m  [1m[34mSELECT  "microposts".* FROM "microposts" WHERE "microposts"."user_id" = ? ORDER BY "microposts"."id" ASC LIMIT ?[0m  [["user_id", 3], ["LIMIT", 1]]
  [1m[36mMicropost Load (0.5ms)[0m  [1m[34mSELECT  "microposts".* FROM "microposts" WHERE "microposts"."user_id" = ? ORDER BY "microposts"."id" ASC LIMIT ?[0m  [["user_id", 4], ["LIMIT", 1]]
  Rendered users/index.html.erb within layouts/application (33.0ms)
Completed 200 OK in 109ms (Views: 98.7ms | ActiveRecord: 1.5ms)


Started GET "/" for 127.0.0.1 at 2018-02-05 16:34:00 +0800
Processing by UsersController#index as HTML
  Rendering users/index.html.erb within layouts/application
  [1m[36mUser Load (0.0ms)[0m  [1m[34mSELECT "users".* FROM "users"[0m
  [1m[36mMicropost Load (0.5ms)[0m  [1m[34mSELECT  "microposts".* FROM "microposts" WHERE "microposts"."user_id" = ? ORDER BY "microposts"."id" ASC LIMIT ?[0m  [["user_id", 1], ["LIMIT", 1]]
  [1m[36mMicropost Load (0.5ms)[0m  [1m[34mSELECT  "microposts".* FROM "microposts" WHERE "microposts"."user_id" = ? ORDER BY "microposts"."id" ASC LIMIT ?[0m  [["user_id", 2], ["LIMIT", 1]]
  Rendered users/index.html.erb within layouts/application (18.1ms)
Completed 500 Internal Server Error in 50ms (ActiveRecord: 1.0ms)


  
ActionView::Template::Error (undefined method `content' for nil:NilClass):
    19:         <td><%= link_to 'Show', user %></td>
    20:         <td><%= link_to 'Edit', edit_user_path(user) %></td>
    21:         <td><%= link_to 'Destroy', user, method: :delete, data: { confirm: 'Are you sure?' } %></td>
    22:         <td><i><%= user.microposts.first.content%></i></td>
    23:       </tr>
    24:       <tr>
    25:         <td></td>
  
app/views/users/index.html.erb:22:in `block in _app_views_users_index_html_erb___620936439_91533996'
app/views/users/index.html.erb:15:in `_app_views_users_index_html_erb___620936439_91533996'
Started GET "/" for 127.0.0.1 at 2018-02-05 16:34:01 +0800
Processing by UsersController#index as HTML
  Rendering users/index.html.erb within layouts/application
  [1m[36mUser Load (0.0ms)[0m  [1m[34mSELECT "users".* FROM "users"[0m
  [1m[36mMicropost Load (0.0ms)[0m  [1m[34mSELECT  "microposts".* FROM "microposts" WHERE "microposts"."user_id" = ? ORDER BY "microposts"."id" ASC LIMIT ?[0m  [["user_id", 1], ["LIMIT", 1]]
  [1m[36mMicropost Load (0.5ms)[0m  [1m[34mSELECT  "microposts".* FROM "microposts" WHERE "microposts"."user_id" = ? ORDER BY "microposts"."id" ASC LIMIT ?[0m  [["user_id", 2], ["LIMIT", 1]]
  Rendered users/index.html.erb within layouts/application (21.0ms)
Completed 500 Internal Server Error in 363ms (ActiveRecord: 0.5ms)


  
ActionView::Template::Error (undefined method `content' for nil:NilClass):
    19:         <td><%= link_to 'Show', user %></td>
    20:         <td><%= link_to 'Edit', edit_user_path(user) %></td>
    21:         <td><%= link_to 'Destroy', user, method: :delete, data: { confirm: 'Are you sure?' } %></td>
    22:         <td><i><%= user.microposts.first.content%></i></td>
    23:       </tr>
    24:       <tr>
    25:         <td></td>
  
app/views/users/index.html.erb:22:in `block in _app_views_users_index_html_erb___620936439_99045504'
app/views/users/index.html.erb:15:in `_app_views_users_index_html_erb___620936439_99045504'
Started GET "/" for 127.0.0.1 at 2018-02-05 16:34:22 +0800
Processing by UsersController#index as HTML
  Rendering users/index.html.erb within layouts/application
  [1m[36mUser Load (0.5ms)[0m  [1m[34mSELECT "users".* FROM "users"[0m
  [1m[36mMicropost Load (0.0ms)[0m  [1m[34mSELECT  "microposts".* FROM "microposts" WHERE "microposts"."user_id" = ? ORDER BY "microposts"."id" ASC LIMIT ?[0m  [["user_id", 1], ["LIMIT", 1]]
  [1m[36mMicropost Load (0.0ms)[0m  [1m[34mSELECT  "microposts".* FROM "microposts" WHERE "microposts"."user_id" = ? ORDER BY "microposts"."id" ASC LIMIT ?[0m  [["user_id", 2], ["LIMIT", 1]]
  Rendered users/index.html.erb within layouts/application (14.6ms)
Completed 500 Internal Server Error in 44ms (ActiveRecord: 0.5ms)


  
ActionView::Template::Error (undefined method `content' for nil:NilClass):
    19:         <td><%= link_to 'Show', user %></td>
    20:         <td><%= link_to 'Edit', edit_user_path(user) %></td>
    21:         <td><%= link_to 'Destroy', user, method: :delete, data: { confirm: 'Are you sure?' } %></td>
    22:         <td><i><%= user.microposts.first.content %></i></td>
    23:       </tr>
    24:       <tr>
    25:         <td></td>
  
app/views/users/index.html.erb:22:in `block in _app_views_users_index_html_erb___620936439_90871884'
app/views/users/index.html.erb:15:in `_app_views_users_index_html_erb___620936439_90871884'
Started GET "/" for 127.0.0.1 at 2018-02-05 16:36:49 +0800
Processing by UsersController#index as HTML
  Rendering users/index.html.erb within layouts/application
  [1m[36mUser Load (0.0ms)[0m  [1m[34mSELECT "users".* FROM "users"[0m
  [1m[36mMicropost Load (0.0ms)[0m  [1m[34mSELECT  "microposts".* FROM "microposts" WHERE "microposts"."user_id" = ? ORDER BY "microposts"."id" ASC LIMIT ?[0m  [["user_id", 1], ["LIMIT", 1]]
  Rendered users/index.html.erb within layouts/application (210.9ms)
Completed 500 Internal Server Error in 241ms (ActiveRecord: 0.0ms)


  
ActionView::Template::Error (undefined local variable or method `fpost' for #<#<Class:0xba41820>:0xba63018>
Did you mean?  post):
    22: 
    23:         <% post = user.microposts.first %>
    24:         <td><i>
    25:           <%= fpost.content %>    
    26:         </i></td>
    27:       </tr>
    28:       <tr>
  
app/views/users/index.html.erb:25:in `block in _app_views_users_index_html_erb___620936439_97721112'
app/views/users/index.html.erb:15:in `_app_views_users_index_html_erb___620936439_97721112'
Started GET "/" for 127.0.0.1 at 2018-02-05 16:37:06 +0800
Processing by UsersController#index as HTML
  Rendering users/index.html.erb within layouts/application
  [1m[36mUser Load (0.0ms)[0m  [1m[34mSELECT "users".* FROM "users"[0m
  [1m[36mMicropost Load (0.5ms)[0m  [1m[34mSELECT  "microposts".* FROM "microposts" WHERE "microposts"."user_id" = ? ORDER BY "microposts"."id" ASC LIMIT ?[0m  [["user_id", 1], ["LIMIT", 1]]
  [1m[36mMicropost Load (0.0ms)[0m  [1m[34mSELECT  "microposts".* FROM "microposts" WHERE "microposts"."user_id" = ? ORDER BY "microposts"."id" ASC LIMIT ?[0m  [["user_id", 2], ["LIMIT", 1]]
  Rendered users/index.html.erb within layouts/application (16.5ms)
Completed 500 Internal Server Error in 46ms (ActiveRecord: 0.5ms)


  
ActionView::Template::Error (undefined method `content' for nil:NilClass):
    22: 
    23:         <% fpost = user.microposts.first %>
    24:         <td><i>
    25:           <%= fpost.content %>    
    26:         </i></td>
    27:       </tr>
    28:       <tr>
  
app/views/users/index.html.erb:25:in `block in _app_views_users_index_html_erb___620936439_99212712'
app/views/users/index.html.erb:15:in `_app_views_users_index_html_erb___620936439_99212712'
Started GET "/" for 127.0.0.1 at 2018-02-05 16:38:05 +0800
Processing by UsersController#index as HTML
  Rendering users/index.html.erb within layouts/application
  [1m[36mUser Load (0.5ms)[0m  [1m[34mSELECT "users".* FROM "users"[0m
  [1m[36mMicropost Load (0.5ms)[0m  [1m[34mSELECT  "microposts".* FROM "microposts" WHERE "microposts"."user_id" = ? ORDER BY "microposts"."id" ASC LIMIT ?[0m  [["user_id", 1], ["LIMIT", 1]]
  [1m[36mMicropost Load (0.0ms)[0m  [1m[34mSELECT  "microposts".* FROM "microposts" WHERE "microposts"."user_id" = ? ORDER BY "microposts"."id" ASC LIMIT ?[0m  [["user_id", 2], ["LIMIT", 1]]
  Rendered users/index.html.erb within layouts/application (17.1ms)
Completed 500 Internal Server Error in 47ms (ActiveRecord: 1.0ms)


  
ActionView::Template::Error (undefined method `id' for nil:NilClass):
    22: 
    23:         <% fpost = user.microposts.first %>
    24:         <td><i>
    25:           <%= fpost.id %>    
    26:         </i></td>
    27:       </tr>
    28:       <tr>
  
app/views/users/index.html.erb:25:in `block in _app_views_users_index_html_erb___620936439_99344844'
app/views/users/index.html.erb:15:in `_app_views_users_index_html_erb___620936439_99344844'
Started GET "/" for 127.0.0.1 at 2018-02-05 16:42:06 +0800
Processing by UsersController#index as HTML
  Rendering users/index.html.erb within layouts/application
  Rendered users/index.html.erb within layouts/application (14.0ms)
Completed 500 Internal Server Error in 60ms (ActiveRecord: 0.0ms)


  
SyntaxError (d:/ctutor/Rails/Training/toy_app/app/views/users/index.html.erb:44: syntax error, unexpected keyword_ensure, expecting keyword_end
d:/ctutor/Rails/Training/toy_app/app/views/users/index.html.erb:46: syntax error, unexpected end-of-input, expecting keyword_end):
  
app/views/users/index.html.erb:44: syntax error, unexpected keyword_ensure, expecting keyword_end
app/views/users/index.html.erb:46: syntax error, unexpected end-of-input, expecting keyword_end
Started GET "/" for 127.0.0.1 at 2018-02-05 16:42:28 +0800
Processing by UsersController#index as HTML
  Rendering users/index.html.erb within layouts/application
  [1m[36mUser Load (0.5ms)[0m  [1m[34mSELECT "users".* FROM "users"[0m
  [1m[36mMicropost Load (0.0ms)[0m  [1m[34mSELECT "microposts".* FROM "microposts" WHERE "microposts"."user_id" = ?[0m  [["user_id", 1]]
  [1m[36mMicropost Load (0.0ms)[0m  [1m[34mSELECT "microposts".* FROM "microposts" WHERE "microposts"."user_id" = ?[0m  [["user_id", 2]]
  [1m[36mMicropost Load (0.0ms)[0m  [1m[34mSELECT "microposts".* FROM "microposts" WHERE "microposts"."user_id" = ?[0m  [["user_id", 3]]
  [1m[36mMicropost Load (0.0ms)[0m  [1m[34mSELECT "microposts".* FROM "microposts" WHERE "microposts"."user_id" = ?[0m  [["user_id", 4]]
  Rendered users/index.html.erb within layouts/application (18.5ms)
Completed 200 OK in 91ms (Views: 80.1ms | ActiveRecord: 0.5ms)


Started GET "/" for 127.0.0.1 at 2018-02-05 16:42:38 +0800
Processing by UsersController#index as HTML
  Rendering users/index.html.erb within layouts/application
  [1m[36mUser Load (0.0ms)[0m  [1m[34mSELECT "users".* FROM "users"[0m
  [1m[36mMicropost Load (0.0ms)[0m  [1m[34mSELECT "microposts".* FROM "microposts" WHERE "microposts"."user_id" = ?[0m  [["user_id", 1]]
  [1m[36mMicropost Load (0.0ms)[0m  [1m[34mSELECT "microposts".* FROM "microposts" WHERE "microposts"."user_id" = ?[0m  [["user_id", 2]]
  [1m[36mMicropost Load (0.0ms)[0m  [1m[34mSELECT "microposts".* FROM "microposts" WHERE "microposts"."user_id" = ?[0m  [["user_id", 3]]
  [1m[36mMicropost Load (0.0ms)[0m  [1m[34mSELECT "microposts".* FROM "microposts" WHERE "microposts"."user_id" = ?[0m  [["user_id", 4]]
  Rendered users/index.html.erb within layouts/application (9.0ms)
Completed 200 OK in 76ms (Views: 66.2ms | ActiveRecord: 0.0ms)


Started GET "/microposts" for 127.0.0.1 at 2018-02-05 16:42:47 +0800
Processing by MicropostsController#index as HTML
  Rendering microposts/index.html.erb within layouts/application
  [1m[36mMicropost Load (0.0ms)[0m  [1m[34mSELECT "microposts".* FROM "microposts"[0m
  Rendered microposts/index.html.erb within layouts/application (2.1ms)
Completed 200 OK in 63ms (Views: 55.2ms | ActiveRecord: 0.0ms)


Started GET "/microposts/new" for 127.0.0.1 at 2018-02-05 16:42:50 +0800
Processing by MicropostsController#new as HTML
  Rendering microposts/new.html.erb within layouts/application
  Rendered microposts/_form.html.erb (20.0ms)
  Rendered microposts/new.html.erb within layouts/application (29.0ms)
Completed 200 OK in 94ms (Views: 85.5ms | ActiveRecord: 0.0ms)


Started POST "/microposts" for 127.0.0.1 at 2018-02-05 16:43:05 +0800
Processing by MicropostsController#create as HTML
  Parameters: {"utf8"=>"✓", "authenticity_token"=>"l6T3Ihln/zxlBiX7rza9X2wwr0+bWjK0KHR1EBFTOQO/2/dszcwlwGB3RbLjc7ofEXDmGQRD2UzF0+a47cBpww==", "micropost"=>{"content"=>"This is the first post of the third user.", "user_id"=>"3"}, "commit"=>"Create Micropost"}
  [1m[35m (0.0ms)[0m  [1m[36mbegin transaction[0m
  [1m[36mUser Load (0.0ms)[0m  [1m[34mSELECT  "users".* FROM "users" WHERE "users"."id" = ? LIMIT ?[0m  [["id", 3], ["LIMIT", 1]]
  [1m[35mSQL (0.5ms)[0m  [1m[32mINSERT INTO "microposts" ("content", "user_id", "created_at", "updated_at") VALUES (?, ?, ?, ?)[0m  [["content", "This is the first post of the third user."], ["user_id", 3], ["created_at", "2018-02-05 08:43:05.166623"], ["updated_at", "2018-02-05 08:43:05.166623"]]
  [1m[35m (184.4ms)[0m  [1m[36mcommit transaction[0m
Redirected to http://localhost:3000/microposts/4
Completed 302 Found in 203ms (ActiveRecord: 184.9ms)


Started GET "/microposts/4" for 127.0.0.1 at 2018-02-05 16:43:05 +0800
Processing by MicropostsController#show as HTML
  Parameters: {"id"=>"4"}
  [1m[36mMicropost Load (0.0ms)[0m  [1m[34mSELECT  "microposts".* FROM "microposts" WHERE "microposts"."id" = ? LIMIT ?[0m  [["id", 4], ["LIMIT", 1]]
  Rendering microposts/show.html.erb within layouts/application
  Rendered microposts/show.html.erb within layouts/application (1.0ms)
Completed 200 OK in 72ms (Views: 57.6ms | ActiveRecord: 0.0ms)


Started GET "/microposts" for 127.0.0.1 at 2018-02-05 16:43:07 +0800
Processing by MicropostsController#index as HTML
  Rendering microposts/index.html.erb within layouts/application
  [1m[36mMicropost Load (0.5ms)[0m  [1m[34mSELECT "microposts".* FROM "microposts"[0m
  Rendered microposts/index.html.erb within layouts/application (3.0ms)
Completed 200 OK in 65ms (Views: 56.2ms | ActiveRecord: 0.5ms)


Started GET "/users/new" for 127.0.0.1 at 2018-02-05 16:43:11 +0800
Processing by UsersController#new as HTML
  Rendering users/new.html.erb within layouts/application
  Rendered users/_form.html.erb (2.0ms)
  Rendered users/new.html.erb within layouts/application (11.5ms)
Completed 200 OK in 72ms (Views: 63.4ms | ActiveRecord: 0.0ms)


Started GET "/users/" for 127.0.0.1 at 2018-02-05 16:43:15 +0800
Processing by UsersController#index as HTML
  Rendering users/index.html.erb within layouts/application
  [1m[36mUser Load (0.5ms)[0m  [1m[34mSELECT "users".* FROM "users"[0m
  [1m[36mMicropost Load (0.5ms)[0m  [1m[34mSELECT "microposts".* FROM "microposts" WHERE "microposts"."user_id" = ?[0m  [["user_id", 1]]
  [1m[36mMicropost Load (0.0ms)[0m  [1m[34mSELECT "microposts".* FROM "microposts" WHERE "microposts"."user_id" = ?[0m  [["user_id", 2]]
  [1m[36mMicropost Load (0.0ms)[0m  [1m[34mSELECT "microposts".* FROM "microposts" WHERE "microposts"."user_id" = ?[0m  [["user_id", 3]]
  [1m[36mMicropost Load (0.0ms)[0m  [1m[34mSELECT "microposts".* FROM "microposts" WHERE "microposts"."user_id" = ?[0m  [["user_id", 4]]
  Rendered users/index.html.erb within layouts/application (6.5ms)
Completed 200 OK in 69ms (Views: 59.1ms | ActiveRecord: 1.0ms)


Started GET "/users/1" for 127.0.0.1 at 2018-02-05 16:44:28 +0800
Processing by UsersController#show as HTML
  Parameters: {"id"=>"1"}
  [1m[36mUser Load (0.0ms)[0m  [1m[34mSELECT  "users".* FROM "users" WHERE "users"."id" = ? LIMIT ?[0m  [["id", 1], ["LIMIT", 1]]
  Rendering users/show.html.erb within layouts/application
  Rendered users/show.html.erb within layouts/application (1.0ms)
Completed 200 OK in 87ms (Views: 73.3ms | ActiveRecord: 0.0ms)


Started GET "/users/1" for 127.0.0.1 at 2018-02-05 16:45:35 +0800
Processing by UsersController#show as HTML
  Parameters: {"id"=>"1"}
  [1m[36mUser Load (0.5ms)[0m  [1m[34mSELECT  "users".* FROM "users" WHERE "users"."id" = ? LIMIT ?[0m  [["id", 1], ["LIMIT", 1]]
  Rendering users/show.html.erb within layouts/application
  Rendered users/show.html.erb within layouts/application (197.7ms)
Completed 500 Internal Server Error in 229ms (ActiveRecord: 0.5ms)


  
ActionView::Template::Error (undefined local variable or method `user' for #<#<Class:0xba41820>:0xb6199f0>
Did you mean?  @user):
    10:   <%= @user.email %>
    11: </p>
    12: 
    13: <% mposts = user.microposts %>
    14: <% mposts.each do |mpost| %>
    15:   <h4><i>
    16:     <%= mpost.content %>    
  
app/views/users/show.html.erb:13:in `_app_views_users_show_html_erb___64315584_95473668'
Started GET "/users/1" for 127.0.0.1 at 2018-02-05 16:45:56 +0800
Processing by UsersController#show as HTML
  Parameters: {"id"=>"1"}
  [1m[36mUser Load (0.0ms)[0m  [1m[34mSELECT  "users".* FROM "users" WHERE "users"."id" = ? LIMIT ?[0m  [["id", 1], ["LIMIT", 1]]
  Rendering users/show.html.erb within layouts/application
  [1m[36mMicropost Load (0.5ms)[0m  [1m[34mSELECT "microposts".* FROM "microposts" WHERE "microposts"."user_id" = ?[0m  [["user_id", 1]]
  Rendered users/show.html.erb within layouts/application (3.2ms)
Completed 200 OK in 74ms (Views: 64.5ms | ActiveRecord: 0.5ms)


Started GET "/users/3" for 127.0.0.1 at 2018-02-05 16:46:01 +0800
Processing by UsersController#show as HTML
  Parameters: {"id"=>"3"}
  [1m[36mUser Load (0.0ms)[0m  [1m[34mSELECT  "users".* FROM "users" WHERE "users"."id" = ? LIMIT ?[0m  [["id", 3], ["LIMIT", 1]]
  Rendering users/show.html.erb within layouts/application
  [1m[36mMicropost Load (0.0ms)[0m  [1m[34mSELECT "microposts".* FROM "microposts" WHERE "microposts"."user_id" = ?[0m  [["user_id", 3]]
  Rendered users/show.html.erb within layouts/application (3.0ms)
Completed 200 OK in 66ms (Views: 56.9ms | ActiveRecord: 0.0ms)


Started GET "/users/microposts" for 127.0.0.1 at 2018-02-05 16:47:01 +0800
Processing by UsersController#show as HTML
  Parameters: {"id"=>"microposts"}
  [1m[36mUser Load (0.0ms)[0m  [1m[34mSELECT  "users".* FROM "users" WHERE "users"."id" = ? LIMIT ?[0m  [["id", 0], ["LIMIT", 1]]
Completed 404 Not Found in 8ms (ActiveRecord: 1.0ms)


  
ActiveRecord::RecordNotFound (Couldn't find User with 'id'=microposts):
  
app/controllers/users_controller.rb:67:in `set_user'
Started GET "/users/micropost" for 127.0.0.1 at 2018-02-05 16:47:41 +0800
Processing by UsersController#show as HTML
  Parameters: {"id"=>"micropost"}
  [1m[36mUser Load (0.0ms)[0m  [1m[34mSELECT  "users".* FROM "users" WHERE "users"."id" = ? LIMIT ?[0m  [["id", 0], ["LIMIT", 1]]
Completed 404 Not Found in 2ms (ActiveRecord: 0.0ms)


  
ActiveRecord::RecordNotFound (Couldn't find User with 'id'=micropost):
  
app/controllers/users_controller.rb:67:in `set_user'
Started GET "/microposts" for 127.0.0.1 at 2018-02-05 16:47:55 +0800
Processing by MicropostsController#index as HTML
  Rendering microposts/index.html.erb within layouts/application
  [1m[36mMicropost Load (0.0ms)[0m  [1m[34mSELECT "microposts".* FROM "microposts"[0m
  Rendered microposts/index.html.erb within layouts/application (8.5ms)
Completed 200 OK in 72ms (Views: 61.4ms | ActiveRecord: 0.5ms)


Started GET "/microposts/new" for 127.0.0.1 at 2018-02-05 16:47:57 +0800
Processing by MicropostsController#new as HTML
  Rendering microposts/new.html.erb within layouts/application
  Rendered microposts/_form.html.erb (2.0ms)
  Rendered microposts/new.html.erb within layouts/application (9.5ms)
Completed 200 OK in 73ms (Views: 64.4ms | ActiveRecord: 0.0ms)


Started POST "/microposts" for 127.0.0.1 at 2018-02-05 16:48:05 +0800
Processing by MicropostsController#create as HTML
  Parameters: {"utf8"=>"✓", "authenticity_token"=>"73NvJkZe/DSVLZPLA4PVhy8ITnbkhAI+9mAt/7Hnk5vHDG9okvUmyJBc84JPxtLHUkgHIHud6cYbx75XTXTDWw==", "micropost"=>{"content"=>"", "user_id"=>"2"}, "commit"=>"Create Micropost"}
  [1m[35m (0.0ms)[0m  [1m[36mbegin transaction[0m
  [1m[36mUser Load (0.0ms)[0m  [1m[34mSELECT  "users".* FROM "users" WHERE "users"."id" = ? LIMIT ?[0m  [["id", 2], ["LIMIT", 1]]
  [1m[35m (0.0ms)[0m  [1m[31mrollback transaction[0m
  Rendering microposts/new.html.erb within layouts/application
  Rendered microposts/_form.html.erb (2.0ms)
  Rendered microposts/new.html.erb within layouts/application (10.0ms)
Completed 200 OK in 80ms (Views: 70.3ms | ActiveRecord: 0.0ms)


Started GET "/microposts" for 127.0.0.1 at 2018-02-05 16:50:58 +0800
Processing by MicropostsController#index as HTML
  Rendering microposts/index.html.erb within layouts/application
  [1m[36mMicropost Load (0.0ms)[0m  [1m[34mSELECT "microposts".* FROM "microposts"[0m
  Rendered microposts/index.html.erb within layouts/application (9.9ms)
Completed 200 OK in 79ms (Views: 67.2ms | ActiveRecord: 1.0ms)


Started GET "/users" for 127.0.0.1 at 2018-02-05 16:51:04 +0800
Processing by UsersController#index as HTML
  Rendering users/index.html.erb within layouts/application
  [1m[36mUser Load (0.0ms)[0m  [1m[34mSELECT "users".* FROM "users"[0m
  [1m[36mMicropost Load (0.0ms)[0m  [1m[34mSELECT "microposts".* FROM "microposts" WHERE "microposts"."user_id" = ?[0m  [["user_id", 1]]
  [1m[36mMicropost Load (0.0ms)[0m  [1m[34mSELECT "microposts".* FROM "microposts" WHERE "microposts"."user_id" = ?[0m  [["user_id", 2]]
  [1m[36mMicropost Load (0.0ms)[0m  [1m[34mSELECT "microposts".* FROM "microposts" WHERE "microposts"."user_id" = ?[0m  [["user_id", 3]]
  [1m[36mMicropost Load (0.0ms)[0m  [1m[34mSELECT "microposts".* FROM "microposts" WHERE "microposts"."user_id" = ?[0m  [["user_id", 4]]
  Rendered users/index.html.erb within layouts/application (30.0ms)
Completed 200 OK in 94ms (Views: 82.6ms | ActiveRecord: 0.5ms)


Started GET "/users/new" for 127.0.0.1 at 2018-02-05 16:51:05 +0800
Processing by UsersController#new as HTML
  Rendering users/new.html.erb within layouts/application
  Rendered users/_form.html.erb (1.5ms)
  Rendered users/new.html.erb within layouts/application (9.5ms)
Completed 200 OK in 73ms (Views: 65.1ms | ActiveRecord: 0.0ms)


Started POST "/users" for 127.0.0.1 at 2018-02-05 16:51:07 +0800
Processing by UsersController#create as HTML
  Parameters: {"utf8"=>"✓", "authenticity_token"=>"Y1OFa+dj3CZlSJTtwoTUD9wcPJh4pFJmex2bmZjUFy5ZmEo6GGZfMnhC0JMT8USIflyZ4mvITclAEraIlxv+3A==", "user"=>{"name"=>"", "email"=>""}, "commit"=>"Create User"}
  [1m[35m (0.0ms)[0m  [1m[36mbegin transaction[0m
  [1m[35m (0.0ms)[0m  [1m[31mrollback transaction[0m
  Rendering users/new.html.erb within layouts/application
  Rendered users/_form.html.erb (2.5ms)
  Rendered users/new.html.erb within layouts/application (11.0ms)
Completed 200 OK in 76ms (Views: 70.7ms | ActiveRecord: 0.0ms)


Started POST "/users" for 127.0.0.1 at 2018-02-05 16:51:50 +0800
Processing by UsersController#create as HTML
  Parameters: {"utf8"=>"✓", "authenticity_token"=>"68Fp5w4TFYXGXhL6rGBYvpoa9l2DB8HWixIlPUFnUwNAGII0q2ggO+dcAlXKPVm2XqBZhJRAu5oqJVlHkiqGkA==", "user"=>{"name"=>"Wolfgang Mittermeyer", "email"=>""}, "commit"=>"Create User"}
  [1m[35m (0.0ms)[0m  [1m[36mbegin transaction[0m
  [1m[35m (0.0ms)[0m  [1m[31mrollback transaction[0m
  Rendering users/new.html.erb within layouts/application
  Rendered users/_form.html.erb (2.0ms)
  Rendered users/new.html.erb within layouts/application (10.5ms)
Completed 200 OK in 68ms (Views: 64.0ms | ActiveRecord: 0.0ms)


Started POST "/users" for 127.0.0.1 at 2018-02-05 16:51:59 +0800
Processing by UsersController#create as HTML
  Parameters: {"utf8"=>"✓", "authenticity_token"=>"iqOrwng+BGFhOGUDQ4Y04QG1LI7MVXcyBrZ6eQLNuochekAR3UUx30A6dawl2zXpxQ+DV9sSDX6ngQYD0YBvFA==", "user"=>{"name"=>"", "email"=>"wmittermeyer@gmail.com"}, "commit"=>"Create User"}
  [1m[35m (0.0ms)[0m  [1m[36mbegin transaction[0m
  [1m[35m (0.0ms)[0m  [1m[31mrollback transaction[0m
  Rendering users/new.html.erb within layouts/application
  Rendered users/_form.html.erb (2.0ms)
  Rendered users/new.html.erb within layouts/application (9.5ms)
Completed 200 OK in 67ms (Views: 63.8ms | ActiveRecord: 0.0ms)


Started POST "/users" for 127.0.0.1 at 2018-02-05 16:52:03 +0800
Processing by UsersController#create as HTML
  Parameters: {"utf8"=>"✓", "authenticity_token"=>"ldxsslFWjTyQ+o1e7nsp44I8meCDg0lfHfalLWzdpj0+BYdh9C24grH4nfGIJijrRoY2OZTEMxO8wdlXv5Bzrg==", "user"=>{"name"=>"Wolfgang Mittermeyer", "email"=>"wmittermeyer@gmail.com"}, "commit"=>"Create User"}
  [1m[35m (0.0ms)[0m  [1m[36mbegin transaction[0m
  [1m[35mSQL (94.0ms)[0m  [1m[32mINSERT INTO "users" ("name", "email", "created_at", "updated_at") VALUES (?, ?, ?, ?)[0m  [["name", "Wolfgang Mittermeyer"], ["email", "wmittermeyer@gmail.com"], ["created_at", "2018-02-05 08:52:03.366791"], ["updated_at", "2018-02-05 08:52:03.366791"]]
  [1m[35m (355.1ms)[0m  [1m[36mcommit transaction[0m
Redirected to http://localhost:3000/users/6
Completed 302 Found in 456ms (ActiveRecord: 449.0ms)


Started GET "/users/6" for 127.0.0.1 at 2018-02-05 16:52:03 +0800
Processing by UsersController#show as HTML
  Parameters: {"id"=>"6"}
  [1m[36mUser Load (0.5ms)[0m  [1m[34mSELECT  "users".* FROM "users" WHERE "users"."id" = ? LIMIT ?[0m  [["id", 6], ["LIMIT", 1]]
  Rendering users/show.html.erb within layouts/application
  [1m[36mMicropost Load (0.5ms)[0m  [1m[34mSELECT "microposts".* FROM "microposts" WHERE "microposts"."user_id" = ?[0m  [["user_id", 6]]
  Rendered users/show.html.erb within layouts/application (2.5ms)
Completed 200 OK in 68ms (Views: 57.7ms | ActiveRecord: 1.0ms)


Started GET "/users" for 127.0.0.1 at 2018-02-05 16:52:08 +0800
Processing by UsersController#index as HTML
  Rendering users/index.html.erb within layouts/application
  [1m[36mUser Load (0.0ms)[0m  [1m[34mSELECT "users".* FROM "users"[0m
  [1m[36mMicropost Load (0.5ms)[0m  [1m[34mSELECT "microposts".* FROM "microposts" WHERE "microposts"."user_id" = ?[0m  [["user_id", 1]]
  [1m[36mMicropost Load (0.0ms)[0m  [1m[34mSELECT "microposts".* FROM "microposts" WHERE "microposts"."user_id" = ?[0m  [["user_id", 2]]
  [1m[36mMicropost Load (0.0ms)[0m  [1m[34mSELECT "microposts".* FROM "microposts" WHERE "microposts"."user_id" = ?[0m  [["user_id", 3]]
  [1m[36mMicropost Load (0.0ms)[0m  [1m[34mSELECT "microposts".* FROM "microposts" WHERE "microposts"."user_id" = ?[0m  [["user_id", 4]]
  [1m[36mMicropost Load (0.0ms)[0m  [1m[34mSELECT "microposts".* FROM "microposts" WHERE "microposts"."user_id" = ?[0m  [["user_id", 6]]
  Rendered users/index.html.erb within layouts/application (7.4ms)
Completed 200 OK in 73ms (Views: 64.6ms | ActiveRecord: 0.5ms)


